# JRE version: Java(TM) SE Runtime Environment (8.0_191-b12) (build 1.8.0_191-b12)
# Java VM: Java HotSpot(TM) Client VM (25.191-b12 mixed mode windows-x86 )
Heap:
 def new generation   total 157248K, used 157247K [0x05800000, 0x102a0000, 0x102a0000)
  eden space 139776K,  99% used [0x05800000, 0x0e07fff8, 0x0e080000)
  from space 17472K, 100% used [0x0f190000, 0x102a0000, 0x102a0000)
  to   space 17472K,   0% used [0x0e080000, 0x0e080000, 0x0f190000)
 tenured generation   total 349568K, used 349567K [0x102a0000, 0x25800000, 0x25800000)
   the space 349568K,  99% used [0x102a0000, 0x257ffff8, 0x25800000, 0x25800000)
 Metaspace       used 21761K, capacity 22249K, committed 22400K, reserved 22912K
GC Heap History (10 events):
Event: 492.926 GC heap before
{Heap before GC invocations=853 (full 789):
 def new generation   total 157248K, used 157247K [0x05800000, 0x102a0000, 0x102a0000)
  eden space 139776K,  99% used [0x05800000, 0x0e07fff8, 0x0e080000)
  from space 17472K, 100% used [0x0f190000, 0x102a0000, 0x102a0000)
  to   space 17472K,   0% used [0x0e080000, 0x0e080000, 0x0f190000)
 tenured generation   total 349568K, used 349567K [0x102a0000, 0x25800000, 0x25800000)
   the space 349568K,  99% used [0x102a0000, 0x257ffff8, 0x25800000, 0x25800000)
 Metaspace       used 21761K, capacity 22249K, committed 22400K, reserved 22912K
Event: 493.001 GC heap after
Heap after GC invocations=854 (full 790):
 def new generation   total 157248K, used 157247K [0x05800000, 0x102a0000, 0x102a0000)
  eden space 139776K,  99% used [0x05800000, 0x0e07fff8, 0x0e080000)
  from space 17472K, 100% used [0x0f190000, 0x102a0000, 0x102a0000)
  to   space 17472K,   0% used [0x0e080000, 0x0e080000, 0x0f190000)
 tenured generation   total 349568K, used 349567K [0x102a0000, 0x25800000, 0x25800000)
   the space 349568K,  99% used [0x102a0000, 0x257ffff8, 0x25800000, 0x25800000)
 Metaspace       used 21761K, capacity 22249K, committed 22400K, reserved 22912K
}
Event: 493.002 GC heap before
{Heap before GC invocations=854 (full 790):
 def new generation   total 157248K, used 157247K [0x05800000, 0x102a0000, 0x102a0000)
  eden space 139776K,  99% used [0x05800000, 0x0e07fff8, 0x0e080000)
  from space 17472K, 100% used [0x0f190000, 0x102a0000, 0x102a0000)
  to   space 17472K,   0% used [0x0e080000, 0x0e080000, 0x0f190000)
 tenured generation   total 349568K, used 349567K [0x102a0000, 0x25800000, 0x25800000)
   the space 349568K,  99% used [0x102a0000, 0x257ffff8, 0x25800000, 0x25800000)
 Metaspace       used 21761K, capacity 22249K, committed 22400K, reserved 22912K
Event: 493.084 GC heap after
Heap after GC invocations=855 (full 791):
 def new generation   total 157248K, used 157247K [0x05800000, 0x102a0000, 0x102a0000)
  eden space 139776K,  99% used [0x05800000, 0x0e07fff8, 0x0e080000)
  from space 17472K, 100% used [0x0f190000, 0x102a0000, 0x102a0000)
  to   space 17472K,   0% used [0x0e080000, 0x0e080000, 0x0f190000)
 tenured generation   total 349568K, used 349567K [0x102a0000, 0x25800000, 0x25800000)
   the space 349568K,  99% used [0x102a0000, 0x257ffff8, 0x25800000, 0x25800000)
 Metaspace       used 21761K, capacity 22249K, committed 22400K, reserved 22912K
}
Event: 493.084 GC heap before
{Heap before GC invocations=855 (full 791):
 def new generation   total 157248K, used 157247K [0x05800000, 0x102a0000, 0x102a0000)
  eden space 139776K,  99% used [0x05800000, 0x0e07fff8, 0x0e080000)
  from space 17472K, 100% used [0x0f190000, 0x102a0000, 0x102a0000)
  to   space 17472K,   0% used [0x0e080000, 0x0e080000, 0x0f190000)
 tenured generation   total 349568K, used 349567K [0x102a0000, 0x25800000, 0x25800000)
   the space 349568K,  99% used [0x102a0000, 0x257ffff8, 0x25800000, 0x25800000)
 Metaspace       used 21761K, capacity 22249K, committed 22400K, reserved 22912K
Event: 493.161 GC heap after
Heap after GC invocations=856 (full 792):
 def new generation   total 157248K, used 157247K [0x05800000, 0x102a0000, 0x102a0000)
  eden space 139776K,  99% used [0x05800000, 0x0e07fff8, 0x0e080000)
  from space 17472K, 100% used [0x0f190000, 0x102a0000, 0x102a0000)
  to   space 17472K,   0% used [0x0e080000, 0x0e080000, 0x0f190000)
 tenured generation   total 349568K, used 349567K [0x102a0000, 0x25800000, 0x25800000)
   the space 349568K,  99% used [0x102a0000, 0x257ffff8, 0x25800000, 0x25800000)
 Metaspace       used 21761K, capacity 22249K, committed 22400K, reserved 22912K
}
Event: 493.161 GC heap before
{Heap before GC invocations=856 (full 792):
 def new generation   total 157248K, used 157247K [0x05800000, 0x102a0000, 0x102a0000)
  eden space 139776K,  99% used [0x05800000, 0x0e07fff8, 0x0e080000)
  from space 17472K, 100% used [0x0f190000, 0x102a0000, 0x102a0000)
  to   space 17472K,   0% used [0x0e080000, 0x0e080000, 0x0f190000)
 tenured generation   total 349568K, used 349567K [0x102a0000, 0x25800000, 0x25800000)
   the space 349568K,  99% used [0x102a0000, 0x257ffff8, 0x25800000, 0x25800000)
 Metaspace       used 21761K, capacity 22249K, committed 22400K, reserved 22912K
Event: 493.238 GC heap after
Heap after GC invocations=857 (full 793):
 def new generation   total 157248K, used 157247K [0x05800000, 0x102a0000, 0x102a0000)
  eden space 139776K,  99% used [0x05800000, 0x0e07fff8, 0x0e080000)
  from space 17472K, 100% used [0x0f190000, 0x102a0000, 0x102a0000)
  to   space 17472K,   0% used [0x0e080000, 0x0e080000, 0x0f190000)
 tenured generation   total 349568K, used 349567K [0x102a0000, 0x25800000, 0x25800000)
   the space 349568K,  99% used [0x102a0000, 0x257ffff8, 0x25800000, 0x25800000)
 Metaspace       used 21761K, capacity 22249K, committed 22400K, reserved 22912K
}
Event: 493.238 GC heap before
{Heap before GC invocations=857 (full 793):
 def new generation   total 157248K, used 157247K [0x05800000, 0x102a0000, 0x102a0000)
  eden space 139776K,  99% used [0x05800000, 0x0e07fff8, 0x0e080000)
  from space 17472K, 100% used [0x0f190000, 0x102a0000, 0x102a0000)
  to   space 17472K,   0% used [0x0e080000, 0x0e080000, 0x0f190000)
 tenured generation   total 349568K, used 349567K [0x102a0000, 0x25800000, 0x25800000)
   the space 349568K,  99% used [0x102a0000, 0x257ffff8, 0x25800000, 0x25800000)
 Metaspace       used 21761K, capacity 22249K, committed 22400K, reserved 22912K
Event: 493.318 GC heap after
Heap after GC invocations=858 (full 794):
 def new generation   total 157248K, used 157247K [0x05800000, 0x102a0000, 0x102a0000)
  eden space 139776K,  99% used [0x05800000, 0x0e07fff8, 0x0e080000)
  from space 17472K, 100% used [0x0f190000, 0x102a0000, 0x102a0000)
  to   space 17472K,   0% used [0x0e080000, 0x0e080000, 0x0f190000)
 tenured generation   total 349568K, used 349567K [0x102a0000, 0x25800000, 0x25800000)
   the space 349568K,  99% used [0x102a0000, 0x257ffff8, 0x25800000, 0x25800000)
 Metaspace       used 21761K, capacity 22249K, committed 22400K, reserved 22912K
}

